0 info it worked if it ends with ok
1 verbose cli [ 'C:\\Program Files\\nodejs\\node.exe',
1 verbose cli   'C:\\Program Files\\nodejs\\node_modules\\npm\\bin\\npm-cli.js',
1 verbose cli   'run',
1 verbose cli   'tslint' ]
2 info using npm@3.10.8
3 info using node@v6.9.1
4 verbose run-script [ 'pretslint', 'tslint', 'posttslint' ]
5 info lifecycle aurelia-open-id-connect@0.10.1~pretslint: aurelia-open-id-connect@0.10.1
6 silly lifecycle aurelia-open-id-connect@0.10.1~pretslint: no script for pretslint, continuing
7 info lifecycle aurelia-open-id-connect@0.10.1~tslint: aurelia-open-id-connect@0.10.1
8 verbose lifecycle aurelia-open-id-connect@0.10.1~tslint: unsafe-perm in lifecycle true
9 verbose lifecycle aurelia-open-id-connect@0.10.1~tslint: PATH: C:\Program Files\nodejs\node_modules\npm\bin\node-gyp-bin;C:\Users\bigfo\GitHub\_shaunluttin\aurelia-open-id-connect\node_modules\.bin;C:\Program Files\ConEmu\ConEmu\Scripts;C:\Program Files\ConEmu;C:\Program Files\ConEmu\ConEmu;C:\WINDOWS\system32;C:\WINDOWS;C:\WINDOWS\System32\Wbem;C:\WINDOWS\System32\WindowsPowerShell\v1.0\;C:\ProgramData\chocolatey\bin;C:\Program Files\Git\cmd;C:\Program Files\nodejs\;C:\Program Files (x86)\vim\vim80;C:\Program Files\dotnet\;C:\Users\bigfo\AppData\Local\Microsoft\WindowsApps;C:\Program Files (x86)\Microsoft VS Code Insiders\bin;C:\Users\bigfo\AppData\Roaming\npm
10 verbose lifecycle aurelia-open-id-connect@0.10.1~tslint: CWD: C:\Users\bigfo\GitHub\_shaunluttin\aurelia-open-id-connect
11 silly lifecycle aurelia-open-id-connect@0.10.1~tslint: Args: [ '/d /s /c',
11 silly lifecycle   'tslint --config tslint.json --project tsconfig.json' ]
12 silly lifecycle aurelia-open-id-connect@0.10.1~tslint: Returned: code: 2  signal: null
13 info lifecycle aurelia-open-id-connect@0.10.1~tslint: Failed to exec tslint script
14 verbose stack Error: aurelia-open-id-connect@0.10.1 tslint: `tslint --config tslint.json --project tsconfig.json`
14 verbose stack Exit status 2
14 verbose stack     at EventEmitter.<anonymous> (C:\Program Files\nodejs\node_modules\npm\lib\utils\lifecycle.js:255:16)
14 verbose stack     at emitTwo (events.js:106:13)
14 verbose stack     at EventEmitter.emit (events.js:191:7)
14 verbose stack     at ChildProcess.<anonymous> (C:\Program Files\nodejs\node_modules\npm\lib\utils\spawn.js:40:14)
14 verbose stack     at emitTwo (events.js:106:13)
14 verbose stack     at ChildProcess.emit (events.js:191:7)
14 verbose stack     at maybeClose (internal/child_process.js:877:16)
14 verbose stack     at Process.ChildProcess._handle.onexit (internal/child_process.js:226:5)
15 verbose pkgid aurelia-open-id-connect@0.10.1
16 verbose cwd C:\Users\bigfo\GitHub\_shaunluttin\aurelia-open-id-connect
17 error Windows_NT 10.0.14393
18 error argv "C:\\Program Files\\nodejs\\node.exe" "C:\\Program Files\\nodejs\\node_modules\\npm\\bin\\npm-cli.js" "run" "tslint"
19 error node v6.9.1
20 error npm  v3.10.8
21 error code ELIFECYCLE
22 error aurelia-open-id-connect@0.10.1 tslint: `tslint --config tslint.json --project tsconfig.json`
22 error Exit status 2
23 error Failed at the aurelia-open-id-connect@0.10.1 tslint script 'tslint --config tslint.json --project tsconfig.json'.
23 error Make sure you have the latest version of node.js and npm installed.
23 error If you do, this is most likely a problem with the aurelia-open-id-connect package,
23 error not with npm itself.
23 error Tell the author that this fails on your system:
23 error     tslint --config tslint.json --project tsconfig.json
23 error You can get information on how to open an issue for this project with:
23 error     npm bugs aurelia-open-id-connect
23 error Or if that isn't available, you can get their info via:
23 error     npm owner ls aurelia-open-id-connect
23 error There is likely additional logging output above.
24 verbose exit [ 1, true ]
